<?xml version="1.0" encoding="UTF-8"?>
<!-- Generated by org.testng.reporters.JUnitReportReporter -->
<testsuite skipped="0" hostname="CBIT01458.local" name="QlearlyFeatures" tests="11" failures="0" timestamp="2021-01-01T09:24:27 IST" time="136.245" errors="1">
  <testcase name="verifyLandingPage" time="0.780" classname="QlearlyFeatures"/>
  <system-out>
On landing page: chrome-extension://aicaflgmmblfaneodjfhkilgplnpjmig/index.html Verified left panel and supportive links existence Verified default login is: Guest Mode  </system-out>
  <testcase name="verifyAccountCreation" time="20.140" classname="QlearlyFeatures"/>
  <system-out>
Logging in with: Vinayak@mailinator.com Verified login is not in: Guest Mode  </system-out>
  <testcase name="verifyBoardCanBeShared" time="21.866" classname="QlearlyFeatures">
    <error type="java.lang.NoClassDefFoundError" message="org.openqa.selenium.WebDriverException">
      <![CDATA[java.lang.NoClassDefFoundError: org.openqa.selenium.WebDriverException
at java.lang.Class.getDeclaredConstructors0(Native Method)
at java.lang.Class.privateGetDeclaredConstructors(Class.java:2671)
at java.lang.Class.getConstructor0(Class.java:3075)
at java.lang.Class.getConstructor(Class.java:1825)
at org.openqa.selenium.remote.codec.w3c.W3CHttpResponseCodec.createException(W3CHttpResponseCodec.java:195)
at org.openqa.selenium.remote.codec.w3c.W3CHttpResponseCodec.decode(W3CHttpResponseCodec.java:129)
at org.openqa.selenium.remote.codec.w3c.W3CHttpResponseCodec.decode(W3CHttpResponseCodec.java:53)
at org.openqa.selenium.remote.HttpCommandExecutor.execute(HttpCommandExecutor.java:160)
at org.openqa.selenium.remote.service.DriverCommandExecutor.execute(DriverCommandExecutor.java:83)
at org.openqa.selenium.remote.RemoteWebDriver.execute(RemoteWebDriver.java:582)
at org.openqa.selenium.remote.RemoteWebDriver.findElement(RemoteWebDriver.java:333)
at org.openqa.selenium.remote.RemoteWebDriver.findElementByXPath(RemoteWebDriver.java:451)
at org.openqa.selenium.By$ByXPath.findElement(By.java:394)
at org.openqa.selenium.remote.RemoteWebDriver.findElement(RemoteWebDriver.java:325)
at POM.QlearlyPage.navigateToBoard(QlearlyPage.java:179)
at QlearlyFeatures.verifyBoardCanBeShared(QlearlyFeatures.java:53)
at sun.reflect.NativeMethodAccessorImpl.invoke0(Native Method)
at sun.reflect.NativeMethodAccessorImpl.invoke(NativeMethodAccessorImpl.java:62)
at sun.reflect.DelegatingMethodAccessorImpl.invoke(DelegatingMethodAccessorImpl.java:43)
at java.lang.reflect.Method.invoke(Method.java:498)
at org.testng.internal.MethodInvocationHelper.invokeMethod(MethodInvocationHelper.java:134)
at org.testng.internal.TestInvoker.invokeMethod(TestInvoker.java:597)
at org.testng.internal.TestInvoker.invokeTestMethod(TestInvoker.java:173)
at org.testng.internal.MethodRunner.runInSequence(MethodRunner.java:46)
at org.testng.internal.TestInvoker$MethodInvocationAgent.invoke(TestInvoker.java:816)
at org.testng.internal.TestInvoker.invokeTestMethods(TestInvoker.java:146)
at org.testng.internal.TestMethodWorker.invokeTestMethods(TestMethodWorker.java:146)
at org.testng.internal.TestMethodWorker.run(TestMethodWorker.java:128)
at java.util.concurrent.ThreadPoolExecutor.runWorker(ThreadPoolExecutor.java:1149)
at java.util.concurrent.ThreadPoolExecutor$Worker.run(ThreadPoolExecutor.java:624)
at java.lang.Thread.run(Thread.java:748)
]]>
    </error>
  </testcase> <!-- verifyBoardCanBeShared -->
  <system-out/>
  <testcase name="verifyAddingFolder" time="5.715" classname="QlearlyFeatures"/>
  <system-out>
Folder: Folder1 created  </system-out>
  <testcase name="verifyMultipleFoldersCanBeAddedWithDuplicateNames" time="5.986" classname="QlearlyFeatures"/>
  <system-out>
Folder: Folder1 created Folder: Folder2 created Multiple folders created: Folder count is 2  </system-out>
  <testcase name="verifyBoardCreation" time="6.119" classname="QlearlyFeatures"/>
  <system-out>
Folder: Folder1 created Board: Board1 added successfully under Folder: Folder1  </system-out>
  <testcase name="verifyMultipleBoardCreation" time="6.541" classname="QlearlyFeatures"/>
  <system-out>
Board: Board1 added successfully under Folder: Folder1 Total Board count under Folder: Folder1 is 1 Board: Board2 added successfully under Folder: Folder1 Total Board count under Folder: Folder1 is 2 Board: Board1 added successfully under Folder: Folder2 Total Board count under Folder: Folder2 is 1 Multiple boards created successfully  </system-out>
  <testcase name="verifyEditDuplicateAndDetailsOfBoard" time="6.516" classname="QlearlyFeatures"/>
  <system-out>
Verified Board: Board1folder1 is created and entry count is 0 Opted for duplication of Board: Board1folder1 Verified after duplication board count is 2  </system-out>
  <testcase name="verifyColumnCreation" time="12.589" classname="QlearlyFeatures"/>
  <system-out>
Board: Board1folder1 is created Navigated to Board: Board1folder1 Added Bookmark: http://facebook.com Navigated to Bookmark: http://facebook.com and verified Verified after adding bookmark - entry count is incremented to 1 for Board:Board1folder1  </system-out>
  <testcase name="verifyMultipleBookMarks" time="19.940" classname="QlearlyFeatures"/>
  <system-out>
Board: Board1folder1 is created Navigated to Board: Board1folder1 Bookmark: http://facebook.com is added Bookmark: https://www.youtube.com/ is added Verified after adding multiple bookmarks - entry count is incremented to 2 for Board:Board1folder1  </system-out>
  <testcase name="verifyOtherOptionsInBookMarks" time="30.053" classname="QlearlyFeatures"/>
  <system-out>
Navigated to Board: Board1folder1 Bookmark: http://facebook.com is added Bookmark: https://www.youtube.com/ is added Duplicate Bookmark: http://facebook.com is added Entry count with duplicates is displayed as 3 for Board: Board1folder1 Performing remove duplicate of bookmarks for Board: Board1folder1 Verified after removing duplicate bookmark - entry count is decremented to 2 for Board:Board1folder1  </system-out>
</testsuite> <!-- QlearlyFeatures -->
